HelloFacebookSample/build/outputs/logs/manifest-merger-debug-report.txt
-- Merging decision tree log ---
manifest
ADDED from Project\HelloFacebookSample\AndroidManifest.xml:2:1-34:12
	package
		ADDED from Project\HelloFacebookSample\AndroidManifest.xml:3:11-55
	android:versionName
		ADDED from Project\HelloFacebookSample\AndroidManifest.xml:5:11-36
	android:versionCode
		ADDED from Project\HelloFacebookSample\AndroidManifest.xml:4:11-34
		INJECTED from Project\HelloFacebookSample\AndroidManifest.xml
		INJECTED from Project\HelloFacebookSample\AndroidManifest.xml
	xmlns:android
		ADDED from Project\HelloFacebookSample\AndroidManifest.xml:2:11-69
uses-sdk
ADDED from Project\HelloFacebookSample\AndroidManifest.xml:6:5-42
MERGED from [Project:FacebookSDK:unspecified] AndroidManifest.xml:20:5-43
	android:minSdkVersion
		ADDED from Project\HelloFacebookSample\AndroidManifest.xml:6:15-40
uses-permission#android.permission.INTERNET
ADDED from Project\HelloFacebookSample\AndroidManifest.xml:7:5-66
	android:name
		ADDED from Project\HelloFacebookSample\AndroidManifest.xml:7:22-64
uses-permission#android.permission.WRITE_EXTERNAL_STORAGE
ADDED from Project\HelloFacebookSample\AndroidManifest.xml:8:5-80
	android:name
		ADDED from Project\HelloFacebookSample\AndroidManifest.xml:8:22-78
application
ADDED from Project\HelloFacebookSample\AndroidManifest.xml:9:5-33:19
MERGED from [Project:FacebookSDK:unspecified] AndroidManifest.xml:22:5-20
	android:label
		ADDED from Project\HelloFacebookSample\AndroidManifest.xml:9:18-50
	android:icon
		ADDED from Project\HelloFacebookSample\AndroidManifest.xml:10:18-47
	android:theme
		ADDED from Project\HelloFacebookSample\AndroidManifest.xml:11:18-65
activity#com.facebook.samples.hellofacebook.HelloFacebookSampleActivity
ADDED from Project\HelloFacebookSample\AndroidManifest.xml:13:9-20:20
	android:label
		ADDED from Project\HelloFacebookSample\AndroidManifest.xml:14:19-51
	android:windowSoftInputMode
		ADDED from Project\HelloFacebookSample\AndroidManifest.xml:15:19-61
	android:name
		ADDED from Project\HelloFacebookSample\AndroidManifest.xml:13:19-62
intent-filter#android.intent.action.MAIN+android.intent.category.LAUNCHER
ADDED from Project\HelloFacebookSample\AndroidManifest.xml:16:13-19:29
action#android.intent.action.MAIN
ADDED from Project\HelloFacebookSample\AndroidManifest.xml:17:17-68
	android:name
		ADDED from Project\HelloFacebookSample\AndroidManifest.xml:17:25-66
category#android.intent.category.LAUNCHER
ADDED from Project\HelloFacebookSample\AndroidManifest.xml:18:17-76
	android:name
		ADDED from Project\HelloFacebookSample\AndroidManifest.xml:18:27-74
activity#com.facebook.LoginActivity
ADDED from Project\HelloFacebookSample\AndroidManifest.xml:21:9-23:54
	android:label
		ADDED from Project\HelloFacebookSample\AndroidManifest.xml:23:19-51
	android:theme
		ADDED from Project\HelloFacebookSample\AndroidManifest.xml:22:19-78
	android:name
		ADDED from Project\HelloFacebookSample\AndroidManifest.xml:21:19-60
meta-data#com.facebook.sdk.ApplicationId
ADDED from Project\HelloFacebookSample\AndroidManifest.xml:24:9-98
	android:value
		ADDED from Project\HelloFacebookSample\AndroidManifest.xml:24:66-96
	android:name
		ADDED from Project\HelloFacebookSample\AndroidManifest.xml:24:20-65
provider#com.facebook.NativeAppCallContentProvider
ADDED from Project\HelloFacebookSample\AndroidManifest.xml:25:9-27:44
	android:authorities
		ADDED from Project\HelloFacebookSample\AndroidManifest.xml:25:19-101
	android:exported
		ADDED from Project\HelloFacebookSample\AndroidManifest.xml:27:19-42
	android:name
		ADDED from Project\HelloFacebookSample\AndroidManifest.xml:26:19-75
receiver#com.facebook.samples.hellofacebook.HelloFacebookBroadcastReceiver
ADDED from Project\HelloFacebookSample\AndroidManifest.xml:28:9-32:20
	android:name
		ADDED from Project\HelloFacebookSample\AndroidManifest.xml:28:19-99
intent-filter#com.facebook.platform.AppCallResultBroadcast
ADDED from Project\HelloFacebookSample\AndroidManifest.xml:29:13-31:29
action#com.facebook.platform.AppCallResultBroadcast
ADDED from Project\HelloFacebookSample\AndroidManifest.xml:30:17-87
	android:name
		ADDED from Project\HelloFacebookSample\AndroidManifest.xml:30:25-84